<?xml version="1.0" encoding="UTF-8"?>
<!-- Generated by org.testng.reporters.JUnitXMLReporter -->
<testsuite hostname="EPBYMINW5353" ignored="2" name="Independent Test" tests="1" failures="0" timestamp="15 Jun 2018 13:15:31 GMT" time="7.36" errors="0">
  <testcase name="pageTest" time="0.493" classname="tests.basicTests.IndependentTest"/>
  <testcase name="searchTest" time="0.0" classname="tests.basicTests.IndependentTest">
    <ignored/>
  </testcase> <!-- searchTest -->
  <testcase name="refreshTest" time="0.0" classname="tests.basicTests.IndependentTest">
    <ignored/>
  </testcase> <!-- refreshTest -->
</testsuite> <!-- Independent Test -->
